2024-08-11 17:04:04,639 - httpx - INFO - HTTP Request: POST https://api.telegram.org/bot7364132452:AAE2wF52JrS4LqxXwSxx3E9XIGLlxNnYBDM/getMe "HTTP/1.1 200 OK"
2024-08-11 17:04:04,952 - httpx - INFO - HTTP Request: POST https://api.telegram.org/bot7364132452:AAE2wF52JrS4LqxXwSxx3E9XIGLlxNnYBDM/deleteWebhook "HTTP/1.1 200 OK"
2024-08-11 17:04:04,960 - apscheduler.scheduler - INFO - Scheduler started
2024-08-11 17:04:04,960 - telegram.ext.Application - INFO - Application started
2024-08-11 17:04:06,285 - httpx - INFO - HTTP Request: POST https://api.telegram.org/bot7364132452:AAE2wF52JrS4LqxXwSxx3E9XIGLlxNnYBDM/getUpdates "HTTP/1.1 200 OK"
2024-08-11 17:04:06,591 - httpx - INFO - HTTP Request: POST https://api.telegram.org/bot7364132452:AAE2wF52JrS4LqxXwSxx3E9XIGLlxNnYBDM/getChatMember "HTTP/1.1 200 OK"
2024-08-11 17:04:07,002 - httpx - INFO - HTTP Request: POST https://api.telegram.org/bot7364132452:AAE2wF52JrS4LqxXwSxx3E9XIGLlxNnYBDM/sendChatAction "HTTP/1.1 200 OK"
2024-08-11 17:04:07,341 - httpx - INFO - HTTP Request: POST https://api.telegram.org/bot7364132452:AAE2wF52JrS4LqxXwSxx3E9XIGLlxNnYBDM/sendMessage "HTTP/1.1 200 OK"
2024-08-11 17:04:16,833 - httpx - INFO - HTTP Request: POST https://api.telegram.org/bot7364132452:AAE2wF52JrS4LqxXwSxx3E9XIGLlxNnYBDM/getUpdates "HTTP/1.1 200 OK"
2024-08-11 17:04:17,097 - httpx - INFO - HTTP Request: POST https://api.telegram.org/bot7364132452:AAE2wF52JrS4LqxXwSxx3E9XIGLlxNnYBDM/getUpdates "HTTP/1.1 200 OK"
2024-08-11 17:04:18,191 - httpx - INFO - HTTP Request: POST https://api.telegram.org/bot7364132452:AAE2wF52JrS4LqxXwSxx3E9XIGLlxNnYBDM/sendMessage "HTTP/1.1 200 OK"
2024-08-11 17:04:27,380 - httpx - INFO - HTTP Request: POST https://api.telegram.org/bot7364132452:AAE2wF52JrS4LqxXwSxx3E9XIGLlxNnYBDM/getUpdates "HTTP/1.1 200 OK"
2024-08-11 17:04:37,714 - httpx - INFO - HTTP Request: POST https://api.telegram.org/bot7364132452:AAE2wF52JrS4LqxXwSxx3E9XIGLlxNnYBDM/getUpdates "HTTP/1.1 200 OK"
2024-08-11 17:04:48,062 - httpx - INFO - HTTP Request: POST https://api.telegram.org/bot7364132452:AAE2wF52JrS4LqxXwSxx3E9XIGLlxNnYBDM/getUpdates "HTTP/1.1 200 OK"
2024-08-11 17:04:55,945 - httpx - INFO - HTTP Request: POST https://api.telegram.org/bot7364132452:AAE2wF52JrS4LqxXwSxx3E9XIGLlxNnYBDM/getUpdates "HTTP/1.1 200 OK"
2024-08-11 17:04:57,073 - httpx - INFO - HTTP Request: POST https://api.telegram.org/bot7364132452:AAE2wF52JrS4LqxXwSxx3E9XIGLlxNnYBDM/getChatMember "HTTP/1.1 200 OK"
2024-08-11 17:04:57,387 - httpx - INFO - HTTP Request: POST https://api.telegram.org/bot7364132452:AAE2wF52JrS4LqxXwSxx3E9XIGLlxNnYBDM/sendMessage "HTTP/1.1 200 OK"
2024-08-11 17:05:00,866 - httpx - INFO - HTTP Request: POST https://api.telegram.org/bot7364132452:AAE2wF52JrS4LqxXwSxx3E9XIGLlxNnYBDM/getUpdates "HTTP/1.1 200 OK"
2024-08-11 17:05:11,199 - httpx - INFO - HTTP Request: POST https://api.telegram.org/bot7364132452:AAE2wF52JrS4LqxXwSxx3E9XIGLlxNnYBDM/getUpdates "HTTP/1.1 200 OK"
2024-08-11 17:05:18,786 - httpx - INFO - HTTP Request: POST https://api.telegram.org/bot7364132452:AAE2wF52JrS4LqxXwSxx3E9XIGLlxNnYBDM/getUpdates "HTTP/1.1 200 OK"
2024-08-11 17:05:19,710 - httpx - INFO - HTTP Request: POST https://api.telegram.org/bot7364132452:AAE2wF52JrS4LqxXwSxx3E9XIGLlxNnYBDM/getChatMember "HTTP/1.1 200 OK"
2024-08-11 17:05:20,021 - httpx - INFO - HTTP Request: POST https://api.telegram.org/bot7364132452:AAE2wF52JrS4LqxXwSxx3E9XIGLlxNnYBDM/sendMessage "HTTP/1.1 200 OK"
2024-08-11 17:05:29,124 - httpx - INFO - HTTP Request: POST https://api.telegram.org/bot7364132452:AAE2wF52JrS4LqxXwSxx3E9XIGLlxNnYBDM/getUpdates "HTTP/1.1 200 OK"
2024-08-11 17:05:29,634 - httpx - INFO - HTTP Request: POST https://api.telegram.org/bot7364132452:AAE2wF52JrS4LqxXwSxx3E9XIGLlxNnYBDM/getUpdates "HTTP/1.1 200 OK"
2024-08-11 17:05:30,562 - httpx - INFO - HTTP Request: POST https://api.telegram.org/bot7364132452:AAE2wF52JrS4LqxXwSxx3E9XIGLlxNnYBDM/getChatMember "HTTP/1.1 200 OK"
2024-08-11 17:05:30,577 - __main__ - INFO - Notifying referrer (ID: 7131403550) about the new user: Libro (@libro_45)
2024-08-11 17:05:30,978 - httpx - INFO - HTTP Request: POST https://api.telegram.org/bot7364132452:AAE2wF52JrS4LqxXwSxx3E9XIGLlxNnYBDM/sendMessage "HTTP/1.1 200 OK"
2024-08-11 17:05:31,012 - __main__ - INFO - Notification sent successfully to referrer (ID: 7131403550)
2024-08-11 17:05:31,384 - httpx - INFO - HTTP Request: POST https://api.telegram.org/bot7364132452:AAE2wF52JrS4LqxXwSxx3E9XIGLlxNnYBDM/sendChatAction "HTTP/1.1 200 OK"
2024-08-11 17:05:31,679 - httpx - INFO - HTTP Request: POST https://api.telegram.org/bot7364132452:AAE2wF52JrS4LqxXwSxx3E9XIGLlxNnYBDM/sendMessage "HTTP/1.1 200 OK"
2024-08-11 17:05:39,982 - httpx - INFO - HTTP Request: POST https://api.telegram.org/bot7364132452:AAE2wF52JrS4LqxXwSxx3E9XIGLlxNnYBDM/getUpdates "HTTP/1.1 200 OK"
2024-08-11 17:05:50,322 - httpx - INFO - HTTP Request: POST https://api.telegram.org/bot7364132452:AAE2wF52JrS4LqxXwSxx3E9XIGLlxNnYBDM/getUpdates "HTTP/1.1 200 OK"
2024-08-11 17:06:00,581 - httpx - INFO - HTTP Request: POST https://api.telegram.org/bot7364132452:AAE2wF52JrS4LqxXwSxx3E9XIGLlxNnYBDM/getUpdates "HTTP/1.1 200 OK"
2024-08-11 17:06:10,909 - httpx - INFO - HTTP Request: POST https://api.telegram.org/bot7364132452:AAE2wF52JrS4LqxXwSxx3E9XIGLlxNnYBDM/getUpdates "HTTP/1.1 200 OK"
2024-08-11 17:06:21,250 - httpx - INFO - HTTP Request: POST https://api.telegram.org/bot7364132452:AAE2wF52JrS4LqxXwSxx3E9XIGLlxNnYBDM/getUpdates "HTTP/1.1 200 OK"
2024-08-11 17:06:31,602 - httpx - INFO - HTTP Request: POST https://api.telegram.org/bot7364132452:AAE2wF52JrS4LqxXwSxx3E9XIGLlxNnYBDM/getUpdates "HTTP/1.1 200 OK"
2024-08-11 17:06:41,930 - httpx - INFO - HTTP Request: POST https://api.telegram.org/bot7364132452:AAE2wF52JrS4LqxXwSxx3E9XIGLlxNnYBDM/getUpdates "HTTP/1.1 200 OK"
2024-08-11 17:06:52,496 - httpx - INFO - HTTP Request: POST https://api.telegram.org/bot7364132452:AAE2wF52JrS4LqxXwSxx3E9XIGLlxNnYBDM/getUpdates "HTTP/1.1 200 OK"
2024-08-11 17:07:03,057 - httpx - INFO - HTTP Request: POST https://api.telegram.org/bot7364132452:AAE2wF52JrS4LqxXwSxx3E9XIGLlxNnYBDM/getUpdates "HTTP/1.1 200 OK"
2024-08-11 17:07:14,134 - httpx - INFO - HTTP Request: POST https://api.telegram.org/bot7364132452:AAE2wF52JrS4LqxXwSxx3E9XIGLlxNnYBDM/getUpdates "HTTP/1.1 200 OK"
2024-08-11 17:07:24,469 - httpx - INFO - HTTP Request: POST https://api.telegram.org/bot7364132452:AAE2wF52JrS4LqxXwSxx3E9XIGLlxNnYBDM/getUpdates "HTTP/1.1 200 OK"
2024-08-11 17:07:34,789 - httpx - INFO - HTTP Request: POST https://api.telegram.org/bot7364132452:AAE2wF52JrS4LqxXwSxx3E9XIGLlxNnYBDM/getUpdates "HTTP/1.1 200 OK"
2024-08-11 17:07:45,126 - httpx - INFO - HTTP Request: POST https://api.telegram.org/bot7364132452:AAE2wF52JrS4LqxXwSxx3E9XIGLlxNnYBDM/getUpdates "HTTP/1.1 200 OK"
2024-08-11 17:07:56,152 - httpx - INFO - HTTP Request: POST https://api.telegram.org/bot7364132452:AAE2wF52JrS4LqxXwSxx3E9XIGLlxNnYBDM/getUpdates "HTTP/1.1 200 OK"
2024-08-11 17:08:06,719 - httpx - INFO - HTTP Request: POST https://api.telegram.org/bot7364132452:AAE2wF52JrS4LqxXwSxx3E9XIGLlxNnYBDM/getUpdates "HTTP/1.1 200 OK"
2024-08-11 17:08:16,991 - httpx - INFO - HTTP Request: POST https://api.telegram.org/bot7364132452:AAE2wF52JrS4LqxXwSxx3E9XIGLlxNnYBDM/getUpdates "HTTP/1.1 200 OK"
2024-08-11 17:08:19,234 - httpx - INFO - HTTP Request: POST https://api.telegram.org/bot7364132452:AAE2wF52JrS4LqxXwSxx3E9XIGLlxNnYBDM/getUpdates "HTTP/1.1 200 OK"
2024-08-11 17:08:29,670 - httpx - INFO - HTTP Request: POST https://api.telegram.org/bot7364132452:AAE2wF52JrS4LqxXwSxx3E9XIGLlxNnYBDM/getUpdates "HTTP/1.1 200 OK"
2024-08-11 17:08:32,391 - httpx - INFO - HTTP Request: POST https://api.telegram.org/bot7364132452:AAE2wF52JrS4LqxXwSxx3E9XIGLlxNnYBDM/getUpdates "HTTP/1.1 200 OK"
2024-08-11 17:08:34,238 - httpx - INFO - HTTP Request: POST https://api.telegram.org/bot7364132452:AAE2wF52JrS4LqxXwSxx3E9XIGLlxNnYBDM/getChatMember "HTTP/1.1 200 OK"
2024-08-11 17:08:34,539 - httpx - INFO - HTTP Request: POST https://api.telegram.org/bot7364132452:AAE2wF52JrS4LqxXwSxx3E9XIGLlxNnYBDM/sendMessage "HTTP/1.1 200 OK"
2024-08-11 17:08:43,496 - httpx - INFO - HTTP Request: POST https://api.telegram.org/bot7364132452:AAE2wF52JrS4LqxXwSxx3E9XIGLlxNnYBDM/getUpdates "HTTP/1.1 200 OK"
2024-08-11 17:08:48,581 - httpx - INFO - HTTP Request: POST https://api.telegram.org/bot7364132452:AAE2wF52JrS4LqxXwSxx3E9XIGLlxNnYBDM/getUpdates "HTTP/1.1 200 OK"
2024-08-11 17:08:49,831 - httpx - INFO - HTTP Request: POST https://api.telegram.org/bot7364132452:AAE2wF52JrS4LqxXwSxx3E9XIGLlxNnYBDM/getChatMember "HTTP/1.1 200 OK"
2024-08-11 17:08:50,256 - httpx - INFO - HTTP Request: POST https://api.telegram.org/bot7364132452:AAE2wF52JrS4LqxXwSxx3E9XIGLlxNnYBDM/sendMessage "HTTP/1.1 200 OK"
2024-08-11 17:08:59,375 - httpx - INFO - HTTP Request: POST https://api.telegram.org/bot7364132452:AAE2wF52JrS4LqxXwSxx3E9XIGLlxNnYBDM/getUpdates "HTTP/1.1 200 OK"
2024-08-11 17:09:09,699 - httpx - INFO - HTTP Request: POST https://api.telegram.org/bot7364132452:AAE2wF52JrS4LqxXwSxx3E9XIGLlxNnYBDM/getUpdates "HTTP/1.1 200 OK"
2024-08-11 17:09:20,368 - httpx - INFO - HTTP Request: POST https://api.telegram.org/bot7364132452:AAE2wF52JrS4LqxXwSxx3E9XIGLlxNnYBDM/getUpdates "HTTP/1.1 200 OK"
2024-08-11 17:09:30,660 - httpx - INFO - HTTP Request: POST https://api.telegram.org/bot7364132452:AAE2wF52JrS4LqxXwSxx3E9XIGLlxNnYBDM/getUpdates "HTTP/1.1 200 OK"
2024-08-11 17:09:40,936 - httpx - INFO - HTTP Request: POST https://api.telegram.org/bot7364132452:AAE2wF52JrS4LqxXwSxx3E9XIGLlxNnYBDM/getUpdates "HTTP/1.1 200 OK"
2024-08-11 17:09:51,487 - httpx - INFO - HTTP Request: POST https://api.telegram.org/bot7364132452:AAE2wF52JrS4LqxXwSxx3E9XIGLlxNnYBDM/getUpdates "HTTP/1.1 200 OK"
2024-08-11 17:10:01,757 - httpx - INFO - HTTP Request: POST https://api.telegram.org/bot7364132452:AAE2wF52JrS4LqxXwSxx3E9XIGLlxNnYBDM/getUpdates "HTTP/1.1 200 OK"
2024-08-11 17:10:12,165 - httpx - INFO - HTTP Request: POST https://api.telegram.org/bot7364132452:AAE2wF52JrS4LqxXwSxx3E9XIGLlxNnYBDM/getUpdates "HTTP/1.1 200 OK"
2024-08-11 17:10:22,631 - httpx - INFO - HTTP Request: POST https://api.telegram.org/bot7364132452:AAE2wF52JrS4LqxXwSxx3E9XIGLlxNnYBDM/getUpdates "HTTP/1.1 200 OK"
2024-08-11 17:10:33,172 - httpx - INFO - HTTP Request: POST https://api.telegram.org/bot7364132452:AAE2wF52JrS4LqxXwSxx3E9XIGLlxNnYBDM/getUpdates "HTTP/1.1 200 OK"
2024-08-11 17:10:43,498 - httpx - INFO - HTTP Request: POST https://api.telegram.org/bot7364132452:AAE2wF52JrS4LqxXwSxx3E9XIGLlxNnYBDM/getUpdates "HTTP/1.1 200 OK"
2024-08-11 17:10:53,833 - httpx - INFO - HTTP Request: POST https://api.telegram.org/bot7364132452:AAE2wF52JrS4LqxXwSxx3E9XIGLlxNnYBDM/getUpdates "HTTP/1.1 200 OK"
2024-08-11 17:11:04,100 - httpx - INFO - HTTP Request: POST https://api.telegram.org/bot7364132452:AAE2wF52JrS4LqxXwSxx3E9XIGLlxNnYBDM/getUpdates "HTTP/1.1 200 OK"
2024-08-11 17:11:14,440 - httpx - INFO - HTTP Request: POST https://api.telegram.org/bot7364132452:AAE2wF52JrS4LqxXwSxx3E9XIGLlxNnYBDM/getUpdates "HTTP/1.1 200 OK"
2024-08-11 17:11:24,892 - httpx - INFO - HTTP Request: POST https://api.telegram.org/bot7364132452:AAE2wF52JrS4LqxXwSxx3E9XIGLlxNnYBDM/getUpdates "HTTP/1.1 200 OK"
2024-08-11 17:11:35,207 - httpx - INFO - HTTP Request: POST https://api.telegram.org/bot7364132452:AAE2wF52JrS4LqxXwSxx3E9XIGLlxNnYBDM/getUpdates "HTTP/1.1 200 OK"
2024-08-11 17:11:45,554 - httpx - INFO - HTTP Request: POST https://api.telegram.org/bot7364132452:AAE2wF52JrS4LqxXwSxx3E9XIGLlxNnYBDM/getUpdates "HTTP/1.1 200 OK"
2024-08-11 17:11:55,912 - httpx - INFO - HTTP Request: POST https://api.telegram.org/bot7364132452:AAE2wF52JrS4LqxXwSxx3E9XIGLlxNnYBDM/getUpdates "HTTP/1.1 200 OK"
2024-08-11 17:12:06,168 - httpx - INFO - HTTP Request: POST https://api.telegram.org/bot7364132452:AAE2wF52JrS4LqxXwSxx3E9XIGLlxNnYBDM/getUpdates "HTTP/1.1 200 OK"
2024-08-11 17:12:16,625 - httpx - INFO - HTTP Request: POST https://api.telegram.org/bot7364132452:AAE2wF52JrS4LqxXwSxx3E9XIGLlxNnYBDM/getUpdates "HTTP/1.1 200 OK"
2024-08-11 17:12:27,015 - httpx - INFO - HTTP Request: POST https://api.telegram.org/bot7364132452:AAE2wF52JrS4LqxXwSxx3E9XIGLlxNnYBDM/getUpdates "HTTP/1.1 200 OK"
2024-08-11 17:12:37,279 - httpx - INFO - HTTP Request: POST https://api.telegram.org/bot7364132452:AAE2wF52JrS4LqxXwSxx3E9XIGLlxNnYBDM/getUpdates "HTTP/1.1 200 OK"
2024-08-11 17:12:47,585 - httpx - INFO - HTTP Request: POST https://api.telegram.org/bot7364132452:AAE2wF52JrS4LqxXwSxx3E9XIGLlxNnYBDM/getUpdates "HTTP/1.1 200 OK"
2024-08-11 17:12:57,831 - httpx - INFO - HTTP Request: POST https://api.telegram.org/bot7364132452:AAE2wF52JrS4LqxXwSxx3E9XIGLlxNnYBDM/getUpdates "HTTP/1.1 200 OK"
2024-08-11 17:13:08,076 - httpx - INFO - HTTP Request: POST https://api.telegram.org/bot7364132452:AAE2wF52JrS4LqxXwSxx3E9XIGLlxNnYBDM/getUpdates "HTTP/1.1 200 OK"
2024-08-11 17:13:18,332 - httpx - INFO - HTTP Request: POST https://api.telegram.org/bot7364132452:AAE2wF52JrS4LqxXwSxx3E9XIGLlxNnYBDM/getUpdates "HTTP/1.1 200 OK"
2024-08-11 17:13:28,773 - httpx - INFO - HTTP Request: POST https://api.telegram.org/bot7364132452:AAE2wF52JrS4LqxXwSxx3E9XIGLlxNnYBDM/getUpdates "HTTP/1.1 200 OK"
2024-08-11 17:13:39,730 - httpx - INFO - HTTP Request: POST https://api.telegram.org/bot7364132452:AAE2wF52JrS4LqxXwSxx3E9XIGLlxNnYBDM/getUpdates "HTTP/1.1 200 OK"
2024-08-11 17:13:49,986 - httpx - INFO - HTTP Request: POST https://api.telegram.org/bot7364132452:AAE2wF52JrS4LqxXwSxx3E9XIGLlxNnYBDM/getUpdates "HTTP/1.1 200 OK"
2024-08-11 17:14:00,317 - httpx - INFO - HTTP Request: POST https://api.telegram.org/bot7364132452:AAE2wF52JrS4LqxXwSxx3E9XIGLlxNnYBDM/getUpdates "HTTP/1.1 200 OK"
2024-08-11 17:14:10,599 - httpx - INFO - HTTP Request: POST https://api.telegram.org/bot7364132452:AAE2wF52JrS4LqxXwSxx3E9XIGLlxNnYBDM/getUpdates "HTTP/1.1 200 OK"
2024-08-11 17:14:21,120 - httpx - INFO - HTTP Request: POST https://api.telegram.org/bot7364132452:AAE2wF52JrS4LqxXwSxx3E9XIGLlxNnYBDM/getUpdates "HTTP/1.1 200 OK"
2024-08-11 17:14:39,534 - httpx - INFO - HTTP Request: POST https://api.telegram.org/bot7364132452:AAE2wF52JrS4LqxXwSxx3E9XIGLlxNnYBDM/getMe "HTTP/1.1 200 OK"
2024-08-11 17:14:39,833 - httpx - INFO - HTTP Request: POST https://api.telegram.org/bot7364132452:AAE2wF52JrS4LqxXwSxx3E9XIGLlxNnYBDM/deleteWebhook "HTTP/1.1 200 OK"
2024-08-11 17:14:39,849 - apscheduler.scheduler - INFO - Scheduler started
2024-08-11 17:14:39,849 - telegram.ext.Application - INFO - Application started
2024-08-11 17:14:50,890 - httpx - INFO - HTTP Request: POST https://api.telegram.org/bot7364132452:AAE2wF52JrS4LqxXwSxx3E9XIGLlxNnYBDM/getUpdates "HTTP/1.1 200 OK"
2024-08-11 17:15:01,197 - httpx - INFO - HTTP Request: POST https://api.telegram.org/bot7364132452:AAE2wF52JrS4LqxXwSxx3E9XIGLlxNnYBDM/getUpdates "HTTP/1.1 200 OK"
2024-08-11 17:15:03,350 - httpx - INFO - HTTP Request: POST https://api.telegram.org/bot7364132452:AAE2wF52JrS4LqxXwSxx3E9XIGLlxNnYBDM/getUpdates "HTTP/1.1 200 OK"
2024-08-11 17:15:04,224 - httpx - INFO - HTTP Request: POST https://api.telegram.org/bot7364132452:AAE2wF52JrS4LqxXwSxx3E9XIGLlxNnYBDM/getChatMember "HTTP/1.1 200 OK"
2024-08-11 17:15:04,592 - httpx - INFO - HTTP Request: POST https://api.telegram.org/bot7364132452:AAE2wF52JrS4LqxXwSxx3E9XIGLlxNnYBDM/sendChatAction "HTTP/1.1 200 OK"
2024-08-11 17:15:04,877 - httpx - INFO - HTTP Request: POST https://api.telegram.org/bot7364132452:AAE2wF52JrS4LqxXwSxx3E9XIGLlxNnYBDM/sendMessage "HTTP/1.1 200 OK"
2024-08-11 17:15:07,586 - httpx - INFO - HTTP Request: POST https://api.telegram.org/bot7364132452:AAE2wF52JrS4LqxXwSxx3E9XIGLlxNnYBDM/getUpdates "HTTP/1.1 200 OK"
2024-08-11 17:15:08,502 - httpx - INFO - HTTP Request: POST https://api.telegram.org/bot7364132452:AAE2wF52JrS4LqxXwSxx3E9XIGLlxNnYBDM/sendMessage "HTTP/1.1 200 OK"
2024-08-11 17:15:17,935 - httpx - INFO - HTTP Request: POST https://api.telegram.org/bot7364132452:AAE2wF52JrS4LqxXwSxx3E9XIGLlxNnYBDM/getUpdates "HTTP/1.1 200 OK"
2024-08-11 17:15:27,971 - httpx - INFO - HTTP Request: POST https://api.telegram.org/bot7364132452:AAE2wF52JrS4LqxXwSxx3E9XIGLlxNnYBDM/getUpdates "HTTP/1.1 200 OK"
2024-08-11 17:15:28,994 - httpx - INFO - HTTP Request: POST https://api.telegram.org/bot7364132452:AAE2wF52JrS4LqxXwSxx3E9XIGLlxNnYBDM/getChatMember "HTTP/1.1 200 OK"
2024-08-11 17:15:29,291 - httpx - INFO - HTTP Request: POST https://api.telegram.org/bot7364132452:AAE2wF52JrS4LqxXwSxx3E9XIGLlxNnYBDM/sendMessage "HTTP/1.1 200 OK"
2024-08-11 17:15:35,236 - httpx - INFO - HTTP Request: POST https://api.telegram.org/bot7364132452:AAE2wF52JrS4LqxXwSxx3E9XIGLlxNnYBDM/getUpdates "HTTP/1.1 200 OK"
2024-08-11 17:15:36,146 - httpx - INFO - HTTP Request: POST https://api.telegram.org/bot7364132452:AAE2wF52JrS4LqxXwSxx3E9XIGLlxNnYBDM/getChatMember "HTTP/1.1 200 OK"
2024-08-11 17:15:36,462 - httpx - INFO - HTTP Request: POST https://api.telegram.org/bot7364132452:AAE2wF52JrS4LqxXwSxx3E9XIGLlxNnYBDM/sendMessage "HTTP/1.1 200 OK"
2024-08-11 17:15:45,581 - httpx - INFO - HTTP Request: POST https://api.telegram.org/bot7364132452:AAE2wF52JrS4LqxXwSxx3E9XIGLlxNnYBDM/getUpdates "HTTP/1.1 200 OK"
2024-08-11 17:15:54,191 - httpx - INFO - HTTP Request: POST https://api.telegram.org/bot7364132452:AAE2wF52JrS4LqxXwSxx3E9XIGLlxNnYBDM/getUpdates "HTTP/1.1 200 OK"
2024-08-11 17:15:55,403 - httpx - INFO - HTTP Request: POST https://api.telegram.org/bot7364132452:AAE2wF52JrS4LqxXwSxx3E9XIGLlxNnYBDM/getChatMember "HTTP/1.1 200 OK"
2024-08-11 17:15:55,928 - httpx - INFO - HTTP Request: POST https://api.telegram.org/bot7364132452:AAE2wF52JrS4LqxXwSxx3E9XIGLlxNnYBDM/sendChatAction "HTTP/1.1 200 OK"
2024-08-11 17:15:56,352 - httpx - INFO - HTTP Request: POST https://api.telegram.org/bot7364132452:AAE2wF52JrS4LqxXwSxx3E9XIGLlxNnYBDM/sendMessage "HTTP/1.1 200 OK"
2024-08-11 17:16:04,462 - httpx - INFO - HTTP Request: POST https://api.telegram.org/bot7364132452:AAE2wF52JrS4LqxXwSxx3E9XIGLlxNnYBDM/getUpdates "HTTP/1.1 200 OK"
2024-08-11 17:16:14,764 - httpx - INFO - HTTP Request: POST https://api.telegram.org/bot7364132452:AAE2wF52JrS4LqxXwSxx3E9XIGLlxNnYBDM/getUpdates "HTTP/1.1 200 OK"
2024-08-11 17:16:27,129 - httpx - INFO - HTTP Request: POST https://api.telegram.org/bot7364132452:AAE2wF52JrS4LqxXwSxx3E9XIGLlxNnYBDM/getUpdates "HTTP/1.1 200 OK"
2024-08-11 17:16:37,494 - httpx - INFO - HTTP Request: POST https://api.telegram.org/bot7364132452:AAE2wF52JrS4LqxXwSxx3E9XIGLlxNnYBDM/getUpdates "HTTP/1.1 200 OK"
2024-08-11 17:16:48,191 - httpx - INFO - HTTP Request: POST https://api.telegram.org/bot7364132452:AAE2wF52JrS4LqxXwSxx3E9XIGLlxNnYBDM/getUpdates "HTTP/1.1 200 OK"
2024-08-11 17:16:58,695 - httpx - INFO - HTTP Request: POST https://api.telegram.org/bot7364132452:AAE2wF52JrS4LqxXwSxx3E9XIGLlxNnYBDM/getUpdates "HTTP/1.1 200 OK"
2024-08-11 17:17:08,940 - httpx - INFO - HTTP Request: POST https://api.telegram.org/bot7364132452:AAE2wF52JrS4LqxXwSxx3E9XIGLlxNnYBDM/getUpdates "HTTP/1.1 200 OK"
2024-08-11 17:17:19,276 - httpx - INFO - HTTP Request: POST https://api.telegram.org/bot7364132452:AAE2wF52JrS4LqxXwSxx3E9XIGLlxNnYBDM/getUpdates "HTTP/1.1 200 OK"
2024-08-11 17:17:29,632 - httpx - INFO - HTTP Request: POST https://api.telegram.org/bot7364132452:AAE2wF52JrS4LqxXwSxx3E9XIGLlxNnYBDM/getUpdates "HTTP/1.1 200 OK"
2024-08-11 17:17:39,970 - httpx - INFO - HTTP Request: POST https://api.telegram.org/bot7364132452:AAE2wF52JrS4LqxXwSxx3E9XIGLlxNnYBDM/getUpdates "HTTP/1.1 200 OK"
2024-08-11 17:17:50,303 - httpx - INFO - HTTP Request: POST https://api.telegram.org/bot7364132452:AAE2wF52JrS4LqxXwSxx3E9XIGLlxNnYBDM/getUpdates "HTTP/1.1 200 OK"
2024-08-11 17:18:00,553 - httpx - INFO - HTTP Request: POST https://api.telegram.org/bot7364132452:AAE2wF52JrS4LqxXwSxx3E9XIGLlxNnYBDM/getUpdates "HTTP/1.1 200 OK"
2024-08-11 17:18:10,887 - httpx - INFO - HTTP Request: POST https://api.telegram.org/bot7364132452:AAE2wF52JrS4LqxXwSxx3E9XIGLlxNnYBDM/getUpdates "HTTP/1.1 200 OK"
2024-08-11 17:18:21,652 - httpx - INFO - HTTP Request: POST https://api.telegram.org/bot7364132452:AAE2wF52JrS4LqxXwSxx3E9XIGLlxNnYBDM/getUpdates "HTTP/1.1 200 OK"
2024-08-11 17:18:31,977 - httpx - INFO - HTTP Request: POST https://api.telegram.org/bot7364132452:AAE2wF52JrS4LqxXwSxx3E9XIGLlxNnYBDM/getUpdates "HTTP/1.1 200 OK"
2024-08-11 17:18:42,331 - httpx - INFO - HTTP Request: POST https://api.telegram.org/bot7364132452:AAE2wF52JrS4LqxXwSxx3E9XIGLlxNnYBDM/getUpdates "HTTP/1.1 200 OK"
2024-08-11 17:18:52,663 - httpx - INFO - HTTP Request: POST https://api.telegram.org/bot7364132452:AAE2wF52JrS4LqxXwSxx3E9XIGLlxNnYBDM/getUpdates "HTTP/1.1 200 OK"
2024-08-11 17:19:07,712 - httpx - INFO - HTTP Request: POST https://api.telegram.org/bot7364132452:AAE2wF52JrS4LqxXwSxx3E9XIGLlxNnYBDM/getMe "HTTP/1.1 200 OK"
2024-08-11 17:19:08,023 - httpx - INFO - HTTP Request: POST https://api.telegram.org/bot7364132452:AAE2wF52JrS4LqxXwSxx3E9XIGLlxNnYBDM/deleteWebhook "HTTP/1.1 200 OK"
2024-08-11 17:19:08,023 - apscheduler.scheduler - INFO - Scheduler started
2024-08-11 17:19:08,039 - telegram.ext.Application - INFO - Application started
2024-08-11 17:19:13,546 - httpx - INFO - HTTP Request: POST https://api.telegram.org/bot7364132452:AAE2wF52JrS4LqxXwSxx3E9XIGLlxNnYBDM/getUpdates "HTTP/1.1 200 OK"
2024-08-11 17:19:14,481 - httpx - INFO - HTTP Request: POST https://api.telegram.org/bot7364132452:AAE2wF52JrS4LqxXwSxx3E9XIGLlxNnYBDM/getChatMember "HTTP/1.1 200 OK"
2024-08-11 17:19:14,508 - telegram.ext.Application - ERROR - No error handlers are registered, logging exception.
Traceback (most recent call last):
  File "C:\Users\gasha\AppData\Local\Programs\Python\Python312\Lib\site-packages\telegram\ext\_application.py", line 1335, in process_update
    await coroutine
  File "C:\Users\gasha\AppData\Local\Programs\Python\Python312\Lib\site-packages\telegram\ext\_handlers\basehandler.py", line 157, in handle_update
    return await self.callback(update, context)
           ^^^^^^^^^^^^^^^^^^^^^^^^^^^^^^^^^^^^
  File "C:\Users\gasha\OneDrive\Desktop\sky_300\sky300bot\main.py", line 104, in start
    leaderboard = get_leaderboard()
                  ^^^^^^^^^^^^^^^
NameError: name 'get_leaderboard' is not defined
2024-08-11 17:19:23,825 - httpx - INFO - HTTP Request: POST https://api.telegram.org/bot7364132452:AAE2wF52JrS4LqxXwSxx3E9XIGLlxNnYBDM/getUpdates "HTTP/1.1 200 OK"
2024-08-11 17:19:34,136 - httpx - INFO - HTTP Request: POST https://api.telegram.org/bot7364132452:AAE2wF52JrS4LqxXwSxx3E9XIGLlxNnYBDM/getUpdates "HTTP/1.1 200 OK"
2024-08-11 17:19:44,474 - httpx - INFO - HTTP Request: POST https://api.telegram.org/bot7364132452:AAE2wF52JrS4LqxXwSxx3E9XIGLlxNnYBDM/getUpdates "HTTP/1.1 200 OK"
2024-08-11 17:19:54,721 - httpx - INFO - HTTP Request: POST https://api.telegram.org/bot7364132452:AAE2wF52JrS4LqxXwSxx3E9XIGLlxNnYBDM/getUpdates "HTTP/1.1 200 OK"
2024-08-11 17:20:04,956 - httpx - INFO - HTTP Request: POST https://api.telegram.org/bot7364132452:AAE2wF52JrS4LqxXwSxx3E9XIGLlxNnYBDM/getUpdates "HTTP/1.1 200 OK"
2024-08-11 17:20:15,529 - httpx - INFO - HTTP Request: POST https://api.telegram.org/bot7364132452:AAE2wF52JrS4LqxXwSxx3E9XIGLlxNnYBDM/getUpdates "HTTP/1.1 200 OK"
2024-08-11 17:20:25,954 - httpx - INFO - HTTP Request: POST https://api.telegram.org/bot7364132452:AAE2wF52JrS4LqxXwSxx3E9XIGLlxNnYBDM/getUpdates "HTTP/1.1 200 OK"
2024-08-11 17:20:36,296 - httpx - INFO - HTTP Request: POST https://api.telegram.org/bot7364132452:AAE2wF52JrS4LqxXwSxx3E9XIGLlxNnYBDM/getUpdates "HTTP/1.1 200 OK"
2024-08-11 17:20:46,638 - httpx - INFO - HTTP Request: POST https://api.telegram.org/bot7364132452:AAE2wF52JrS4LqxXwSxx3E9XIGLlxNnYBDM/getUpdates "HTTP/1.1 200 OK"
2024-08-11 17:20:56,884 - httpx - INFO - HTTP Request: POST https://api.telegram.org/bot7364132452:AAE2wF52JrS4LqxXwSxx3E9XIGLlxNnYBDM/getUpdates "HTTP/1.1 200 OK"
2024-08-11 17:21:07,343 - httpx - INFO - HTTP Request: POST https://api.telegram.org/bot7364132452:AAE2wF52JrS4LqxXwSxx3E9XIGLlxNnYBDM/getUpdates "HTTP/1.1 200 OK"
2024-08-11 17:21:17,770 - httpx - INFO - HTTP Request: POST https://api.telegram.org/bot7364132452:AAE2wF52JrS4LqxXwSxx3E9XIGLlxNnYBDM/getUpdates "HTTP/1.1 200 OK"
2024-08-11 17:21:28,108 - httpx - INFO - HTTP Request: POST https://api.telegram.org/bot7364132452:AAE2wF52JrS4LqxXwSxx3E9XIGLlxNnYBDM/getUpdates "HTTP/1.1 200 OK"
2024-08-11 17:21:38,556 - httpx - INFO - HTTP Request: POST https://api.telegram.org/bot7364132452:AAE2wF52JrS4LqxXwSxx3E9XIGLlxNnYBDM/getUpdates "HTTP/1.1 200 OK"
2024-08-11 17:21:48,911 - httpx - INFO - HTTP Request: POST https://api.telegram.org/bot7364132452:AAE2wF52JrS4LqxXwSxx3E9XIGLlxNnYBDM/getUpdates "HTTP/1.1 200 OK"
2024-08-11 17:21:59,165 - httpx - INFO - HTTP Request: POST https://api.telegram.org/bot7364132452:AAE2wF52JrS4LqxXwSxx3E9XIGLlxNnYBDM/getUpdates "HTTP/1.1 200 OK"
2024-08-11 17:22:09,597 - httpx - INFO - HTTP Request: POST https://api.telegram.org/bot7364132452:AAE2wF52JrS4LqxXwSxx3E9XIGLlxNnYBDM/getUpdates "HTTP/1.1 200 OK"
2024-08-11 17:22:19,851 - httpx - INFO - HTTP Request: POST https://api.telegram.org/bot7364132452:AAE2wF52JrS4LqxXwSxx3E9XIGLlxNnYBDM/getUpdates "HTTP/1.1 200 OK"
2024-08-11 17:22:30,496 - httpx - INFO - HTTP Request: POST https://api.telegram.org/bot7364132452:AAE2wF52JrS4LqxXwSxx3E9XIGLlxNnYBDM/getUpdates "HTTP/1.1 200 OK"
2024-08-11 17:22:40,819 - httpx - INFO - HTTP Request: POST https://api.telegram.org/bot7364132452:AAE2wF52JrS4LqxXwSxx3E9XIGLlxNnYBDM/getUpdates "HTTP/1.1 200 OK"
2024-08-11 17:22:51,133 - httpx - INFO - HTTP Request: POST https://api.telegram.org/bot7364132452:AAE2wF52JrS4LqxXwSxx3E9XIGLlxNnYBDM/getUpdates "HTTP/1.1 200 OK"
2024-08-11 17:23:08,492 - httpx - INFO - HTTP Request: POST https://api.telegram.org/bot7364132452:AAE2wF52JrS4LqxXwSxx3E9XIGLlxNnYBDM/getMe "HTTP/1.1 200 OK"
2024-08-11 17:23:08,774 - httpx - INFO - HTTP Request: POST https://api.telegram.org/bot7364132452:AAE2wF52JrS4LqxXwSxx3E9XIGLlxNnYBDM/deleteWebhook "HTTP/1.1 200 OK"
2024-08-11 17:23:08,781 - apscheduler.scheduler - INFO - Scheduler started
2024-08-11 17:23:08,783 - telegram.ext.Application - INFO - Application started
2024-08-11 17:23:12,705 - httpx - INFO - HTTP Request: POST https://api.telegram.org/bot7364132452:AAE2wF52JrS4LqxXwSxx3E9XIGLlxNnYBDM/getUpdates "HTTP/1.1 200 OK"
2024-08-11 17:23:12,972 - httpx - INFO - HTTP Request: POST https://api.telegram.org/bot7364132452:AAE2wF52JrS4LqxXwSxx3E9XIGLlxNnYBDM/getChatMember "HTTP/1.1 200 OK"
2024-08-11 17:23:13,280 - httpx - INFO - HTTP Request: POST https://api.telegram.org/bot7364132452:AAE2wF52JrS4LqxXwSxx3E9XIGLlxNnYBDM/sendChatAction "HTTP/1.1 200 OK"
2024-08-11 17:23:13,595 - httpx - INFO - HTTP Request: POST https://api.telegram.org/bot7364132452:AAE2wF52JrS4LqxXwSxx3E9XIGLlxNnYBDM/sendMessage "HTTP/1.1 200 OK"
2024-08-11 17:23:23,007 - httpx - INFO - HTTP Request: POST https://api.telegram.org/bot7364132452:AAE2wF52JrS4LqxXwSxx3E9XIGLlxNnYBDM/getUpdates "HTTP/1.1 200 OK"
2024-08-11 17:23:33,355 - httpx - INFO - HTTP Request: POST https://api.telegram.org/bot7364132452:AAE2wF52JrS4LqxXwSxx3E9XIGLlxNnYBDM/getUpdates "HTTP/1.1 200 OK"
2024-08-11 17:23:34,636 - httpx - INFO - HTTP Request: POST https://api.telegram.org/bot7364132452:AAE2wF52JrS4LqxXwSxx3E9XIGLlxNnYBDM/getUpdates "HTTP/1.1 200 OK"
2024-08-11 17:23:35,944 - httpx - INFO - HTTP Request: POST https://api.telegram.org/bot7364132452:AAE2wF52JrS4LqxXwSxx3E9XIGLlxNnYBDM/getChatMember "HTTP/1.1 200 OK"
2024-08-11 17:23:36,547 - httpx - INFO - HTTP Request: POST https://api.telegram.org/bot7364132452:AAE2wF52JrS4LqxXwSxx3E9XIGLlxNnYBDM/sendMessage "HTTP/1.1 200 OK"
2024-08-11 17:23:43,414 - httpx - INFO - HTTP Request: POST https://api.telegram.org/bot7364132452:AAE2wF52JrS4LqxXwSxx3E9XIGLlxNnYBDM/getUpdates "HTTP/1.1 200 OK"
2024-08-11 17:23:44,313 - httpx - INFO - HTTP Request: POST https://api.telegram.org/bot7364132452:AAE2wF52JrS4LqxXwSxx3E9XIGLlxNnYBDM/getChatMember "HTTP/1.1 200 OK"
2024-08-11 17:23:45,027 - httpx - INFO - HTTP Request: POST https://api.telegram.org/bot7364132452:AAE2wF52JrS4LqxXwSxx3E9XIGLlxNnYBDM/sendMessage "HTTP/1.1 200 OK"
2024-08-11 17:23:53,727 - httpx - INFO - HTTP Request: POST https://api.telegram.org/bot7364132452:AAE2wF52JrS4LqxXwSxx3E9XIGLlxNnYBDM/getUpdates "HTTP/1.1 200 OK"
2024-08-11 17:24:00,912 - httpx - INFO - HTTP Request: POST https://api.telegram.org/bot7364132452:AAE2wF52JrS4LqxXwSxx3E9XIGLlxNnYBDM/getUpdates "HTTP/1.1 200 OK"
2024-08-11 17:24:02,231 - httpx - INFO - HTTP Request: POST https://api.telegram.org/bot7364132452:AAE2wF52JrS4LqxXwSxx3E9XIGLlxNnYBDM/sendMessage "HTTP/1.1 200 OK"
2024-08-11 17:24:11,171 - httpx - INFO - HTTP Request: POST https://api.telegram.org/bot7364132452:AAE2wF52JrS4LqxXwSxx3E9XIGLlxNnYBDM/getUpdates "HTTP/1.1 200 OK"
2024-08-11 17:24:21,478 - httpx - INFO - HTTP Request: POST https://api.telegram.org/bot7364132452:AAE2wF52JrS4LqxXwSxx3E9XIGLlxNnYBDM/getUpdates "HTTP/1.1 200 OK"
2024-08-11 17:24:26,415 - httpx - INFO - HTTP Request: POST https://api.telegram.org/bot7364132452:AAE2wF52JrS4LqxXwSxx3E9XIGLlxNnYBDM/getUpdates "HTTP/1.1 200 OK"
2024-08-11 17:24:27,636 - httpx - INFO - HTTP Request: POST https://api.telegram.org/bot7364132452:AAE2wF52JrS4LqxXwSxx3E9XIGLlxNnYBDM/getChatMember "HTTP/1.1 200 OK"
2024-08-11 17:24:28,257 - httpx - INFO - HTTP Request: POST https://api.telegram.org/bot7364132452:AAE2wF52JrS4LqxXwSxx3E9XIGLlxNnYBDM/sendMessage "HTTP/1.1 200 OK"
2024-08-11 17:24:33,580 - httpx - INFO - HTTP Request: POST https://api.telegram.org/bot7364132452:AAE2wF52JrS4LqxXwSxx3E9XIGLlxNnYBDM/getUpdates "HTTP/1.1 200 OK"
2024-08-11 17:24:34,586 - httpx - INFO - HTTP Request: POST https://api.telegram.org/bot7364132452:AAE2wF52JrS4LqxXwSxx3E9XIGLlxNnYBDM/getChatMember "HTTP/1.1 200 OK"
2024-08-11 17:24:35,196 - httpx - INFO - HTTP Request: POST https://api.telegram.org/bot7364132452:AAE2wF52JrS4LqxXwSxx3E9XIGLlxNnYBDM/sendMessage "HTTP/1.1 200 OK"
2024-08-11 17:24:44,111 - httpx - INFO - HTTP Request: POST https://api.telegram.org/bot7364132452:AAE2wF52JrS4LqxXwSxx3E9XIGLlxNnYBDM/getUpdates "HTTP/1.1 200 OK"
2024-08-11 17:24:47,172 - httpx - INFO - HTTP Request: POST https://api.telegram.org/bot7364132452:AAE2wF52JrS4LqxXwSxx3E9XIGLlxNnYBDM/getUpdates "HTTP/1.1 200 OK"
2024-08-11 17:24:48,095 - httpx - INFO - HTTP Request: POST https://api.telegram.org/bot7364132452:AAE2wF52JrS4LqxXwSxx3E9XIGLlxNnYBDM/sendMessage "HTTP/1.1 200 OK"
2024-08-11 17:24:57,633 - httpx - INFO - HTTP Request: POST https://api.telegram.org/bot7364132452:AAE2wF52JrS4LqxXwSxx3E9XIGLlxNnYBDM/getUpdates "HTTP/1.1 200 OK"
2024-08-11 17:25:08,104 - httpx - INFO - HTTP Request: POST https://api.telegram.org/bot7364132452:AAE2wF52JrS4LqxXwSxx3E9XIGLlxNnYBDM/getUpdates "HTTP/1.1 200 OK"
2024-08-11 17:25:18,518 - httpx - INFO - HTTP Request: POST https://api.telegram.org/bot7364132452:AAE2wF52JrS4LqxXwSxx3E9XIGLlxNnYBDM/getUpdates "HTTP/1.1 200 OK"
2024-08-11 17:25:28,976 - httpx - INFO - HTTP Request: POST https://api.telegram.org/bot7364132452:AAE2wF52JrS4LqxXwSxx3E9XIGLlxNnYBDM/getUpdates "HTTP/1.1 200 OK"
2024-08-11 17:25:31,521 - httpx - INFO - HTTP Request: POST https://api.telegram.org/bot7364132452:AAE2wF52JrS4LqxXwSxx3E9XIGLlxNnYBDM/getUpdates "HTTP/1.1 200 OK"
2024-08-11 17:25:32,534 - httpx - INFO - HTTP Request: POST https://api.telegram.org/bot7364132452:AAE2wF52JrS4LqxXwSxx3E9XIGLlxNnYBDM/getChatMember "HTTP/1.1 200 OK"
2024-08-11 17:25:32,957 - httpx - INFO - HTTP Request: POST https://api.telegram.org/bot7364132452:AAE2wF52JrS4LqxXwSxx3E9XIGLlxNnYBDM/sendChatAction "HTTP/1.1 200 OK"
2024-08-11 17:25:33,265 - httpx - INFO - HTTP Request: POST https://api.telegram.org/bot7364132452:AAE2wF52JrS4LqxXwSxx3E9XIGLlxNnYBDM/sendMessage "HTTP/1.1 200 OK"
2024-08-11 17:25:36,965 - httpx - INFO - HTTP Request: POST https://api.telegram.org/bot7364132452:AAE2wF52JrS4LqxXwSxx3E9XIGLlxNnYBDM/getUpdates "HTTP/1.1 200 OK"
2024-08-11 17:25:37,577 - httpx - INFO - HTTP Request: POST https://api.telegram.org/bot7364132452:AAE2wF52JrS4LqxXwSxx3E9XIGLlxNnYBDM/sendMessage "HTTP/1.1 200 OK"
2024-08-11 17:25:47,276 - httpx - INFO - HTTP Request: POST https://api.telegram.org/bot7364132452:AAE2wF52JrS4LqxXwSxx3E9XIGLlxNnYBDM/getUpdates "HTTP/1.1 200 OK"
2024-08-11 17:25:57,540 - httpx - INFO - HTTP Request: POST https://api.telegram.org/bot7364132452:AAE2wF52JrS4LqxXwSxx3E9XIGLlxNnYBDM/getUpdates "HTTP/1.1 200 OK"
2024-08-11 17:26:07,813 - httpx - INFO - HTTP Request: POST https://api.telegram.org/bot7364132452:AAE2wF52JrS4LqxXwSxx3E9XIGLlxNnYBDM/getUpdates "HTTP/1.1 200 OK"
2024-08-11 17:26:16,220 - httpx - INFO - HTTP Request: POST https://api.telegram.org/bot7364132452:AAE2wF52JrS4LqxXwSxx3E9XIGLlxNnYBDM/getUpdates "HTTP/1.1 200 OK"
2024-08-11 17:26:17,728 - httpx - INFO - HTTP Request: POST https://api.telegram.org/bot7364132452:AAE2wF52JrS4LqxXwSxx3E9XIGLlxNnYBDM/getChatMember "HTTP/1.1 200 OK"
2024-08-11 17:26:18,136 - httpx - INFO - HTTP Request: POST https://api.telegram.org/bot7364132452:AAE2wF52JrS4LqxXwSxx3E9XIGLlxNnYBDM/sendMessage "HTTP/1.1 200 OK"
2024-08-11 17:26:23,954 - httpx - INFO - HTTP Request: POST https://api.telegram.org/bot7364132452:AAE2wF52JrS4LqxXwSxx3E9XIGLlxNnYBDM/getUpdates "HTTP/1.1 200 OK"
2024-08-11 17:26:27,980 - httpx - INFO - HTTP Request: POST https://api.telegram.org/bot7364132452:AAE2wF52JrS4LqxXwSxx3E9XIGLlxNnYBDM/getChatMember "HTTP/1.1 200 OK"
2024-08-11 17:26:28,467 - httpx - INFO - HTTP Request: POST https://api.telegram.org/bot7364132452:AAE2wF52JrS4LqxXwSxx3E9XIGLlxNnYBDM/sendMessage "HTTP/1.1 200 OK"
2024-08-11 17:26:34,292 - httpx - INFO - HTTP Request: POST https://api.telegram.org/bot7364132452:AAE2wF52JrS4LqxXwSxx3E9XIGLlxNnYBDM/getUpdates "HTTP/1.1 200 OK"
2024-08-11 17:26:44,648 - httpx - INFO - HTTP Request: POST https://api.telegram.org/bot7364132452:AAE2wF52JrS4LqxXwSxx3E9XIGLlxNnYBDM/getUpdates "HTTP/1.1 200 OK"
2024-08-11 17:26:54,978 - httpx - INFO - HTTP Request: POST https://api.telegram.org/bot7364132452:AAE2wF52JrS4LqxXwSxx3E9XIGLlxNnYBDM/getUpdates "HTTP/1.1 200 OK"
2024-08-11 17:27:05,410 - httpx - INFO - HTTP Request: POST https://api.telegram.org/bot7364132452:AAE2wF52JrS4LqxXwSxx3E9XIGLlxNnYBDM/getUpdates "HTTP/1.1 200 OK"
2024-08-11 17:27:15,779 - httpx - INFO - HTTP Request: POST https://api.telegram.org/bot7364132452:AAE2wF52JrS4LqxXwSxx3E9XIGLlxNnYBDM/getUpdates "HTTP/1.1 200 OK"
2024-08-11 17:27:26,109 - httpx - INFO - HTTP Request: POST https://api.telegram.org/bot7364132452:AAE2wF52JrS4LqxXwSxx3E9XIGLlxNnYBDM/getUpdates "HTTP/1.1 200 OK"
2024-08-11 17:27:36,398 - httpx - INFO - HTTP Request: POST https://api.telegram.org/bot7364132452:AAE2wF52JrS4LqxXwSxx3E9XIGLlxNnYBDM/getUpdates "HTTP/1.1 200 OK"
2024-08-11 17:27:46,679 - httpx - INFO - HTTP Request: POST https://api.telegram.org/bot7364132452:AAE2wF52JrS4LqxXwSxx3E9XIGLlxNnYBDM/getUpdates "HTTP/1.1 200 OK"
2024-08-11 17:27:57,011 - httpx - INFO - HTTP Request: POST https://api.telegram.org/bot7364132452:AAE2wF52JrS4LqxXwSxx3E9XIGLlxNnYBDM/getUpdates "HTTP/1.1 200 OK"
2024-08-11 17:28:07,274 - httpx - INFO - HTTP Request: POST https://api.telegram.org/bot7364132452:AAE2wF52JrS4LqxXwSxx3E9XIGLlxNnYBDM/getUpdates "HTTP/1.1 200 OK"
2024-08-11 17:28:17,615 - httpx - INFO - HTTP Request: POST https://api.telegram.org/bot7364132452:AAE2wF52JrS4LqxXwSxx3E9XIGLlxNnYBDM/getUpdates "HTTP/1.1 200 OK"
2024-08-11 17:28:27,901 - httpx - INFO - HTTP Request: POST https://api.telegram.org/bot7364132452:AAE2wF52JrS4LqxXwSxx3E9XIGLlxNnYBDM/getUpdates "HTTP/1.1 200 OK"
2024-08-11 17:28:38,198 - httpx - INFO - HTTP Request: POST https://api.telegram.org/bot7364132452:AAE2wF52JrS4LqxXwSxx3E9XIGLlxNnYBDM/getUpdates "HTTP/1.1 200 OK"
2024-08-11 17:28:48,632 - httpx - INFO - HTTP Request: POST https://api.telegram.org/bot7364132452:AAE2wF52JrS4LqxXwSxx3E9XIGLlxNnYBDM/getUpdates "HTTP/1.1 200 OK"
2024-08-11 17:28:59,181 - httpx - INFO - HTTP Request: POST https://api.telegram.org/bot7364132452:AAE2wF52JrS4LqxXwSxx3E9XIGLlxNnYBDM/getUpdates "HTTP/1.1 200 OK"
2024-08-11 17:29:06,588 - httpx - INFO - HTTP Request: POST https://api.telegram.org/bot7364132452:AAE2wF52JrS4LqxXwSxx3E9XIGLlxNnYBDM/getUpdates "HTTP/1.1 200 OK"
2024-08-11 17:29:16,900 - httpx - INFO - HTTP Request: POST https://api.telegram.org/bot7364132452:AAE2wF52JrS4LqxXwSxx3E9XIGLlxNnYBDM/getUpdates "HTTP/1.1 200 OK"
2024-08-11 17:29:27,239 - httpx - INFO - HTTP Request: POST https://api.telegram.org/bot7364132452:AAE2wF52JrS4LqxXwSxx3E9XIGLlxNnYBDM/getUpdates "HTTP/1.1 200 OK"
2024-08-11 17:29:37,519 - httpx - INFO - HTTP Request: POST https://api.telegram.org/bot7364132452:AAE2wF52JrS4LqxXwSxx3E9XIGLlxNnYBDM/getUpdates "HTTP/1.1 200 OK"
2024-08-11 17:29:47,923 - httpx - INFO - HTTP Request: POST https://api.telegram.org/bot7364132452:AAE2wF52JrS4LqxXwSxx3E9XIGLlxNnYBDM/getUpdates "HTTP/1.1 200 OK"
